[0m16:51:21.203047 [debug] [MainThread]: Sending event: {'category': 'dbt', 'action': 'invocation', 'label': 'start', 'context': [<snowplow_tracker.self_describing_json.SelfDescribingJson object at 0x106b2d940>, <snowplow_tracker.self_describing_json.SelfDescribingJson object at 0x1106d3890>, <snowplow_tracker.self_describing_json.SelfDescribingJson object at 0x1106d3b10>]}


============================== 16:51:21.219295 | a44f49ea-85c0-472c-9896-dc7e1276e2a3 ==============================
[0m16:51:21.219295 [info ] [MainThread]: Running with dbt=1.11.2
[0m16:51:21.219756 [debug] [MainThread]: running dbt with arguments {'log_format': 'default', 'warn_error_options': 'WarnErrorOptionsV2(error=[], warn=[], silence=[])', 'version_check': 'True', 'warn_error': 'None', 'empty': 'None', 'partial_parse': 'True', 'use_experimental_parser': 'False', 'send_anonymous_usage_stats': 'True', 'no_print': 'None', 'fail_fast': 'False', 'log_path': 'logs', 'cache_selected_only': 'False', 'use_colors': 'True', 'write_json': 'True', 'printer_width': '80', 'quiet': 'False', 'static_parser': 'True', 'profiles_dir': '/Users/calebkoppel/.dbt', 'introspect': 'True', 'indirect_selection': 'eager', 'target_path': 'None', 'log_cache_events': 'False', 'invocation_command': 'dbt init saas_analytics', 'debug': 'False'}
[0m16:51:21.277130 [info ] [MainThread]: Creating dbt configuration folder at /Users/calebkoppel/.dbt
[0m16:51:21.280503 [debug] [MainThread]: Starter project path: /Library/Frameworks/Python.framework/Versions/3.13/lib/python3.13/site-packages/dbt/include/starter_project
[0m16:51:21.295093 [info ] [MainThread]: 
Your new dbt project "saas_analytics" was created!

For more information on how to configure the profiles.yml file,
please consult the dbt documentation here:

  https://docs.getdbt.com/docs/configure-your-profile

One more thing:

Need help? Don't hesitate to reach out to us via GitHub issues or on Slack:

  https://community.getdbt.com/

Happy modeling!

[0m16:51:21.295435 [info ] [MainThread]: Setting up your profile.
[0m17:10:02.410623 [info ] [MainThread]: Profile saas_analytics written to /Users/calebkoppel/.dbt/profiles.yml using target's profile_template.yml and your supplied values. Run 'dbt debug' to validate the connection.
[0m17:10:02.615267 [debug] [MainThread]: Resource report: {"command_name": "init", "command_success": true, "command_wall_clock_time": 1121.5079, "process_in_blocks": "0", "process_kernel_time": 0.422843, "process_mem_max_rss": "116424704", "process_out_blocks": "0", "process_user_time": 1.12568}
[0m17:10:02.616901 [debug] [MainThread]: Command `dbt init` succeeded at 17:10:02.616437 after 1121.51 seconds
[0m17:10:02.617814 [debug] [MainThread]: Sending event: {'category': 'dbt', 'action': 'invocation', 'label': 'end', 'context': [<snowplow_tracker.self_describing_json.SelfDescribingJson object at 0x110e09480>, <snowplow_tracker.self_describing_json.SelfDescribingJson object at 0x106310dd0>, <snowplow_tracker.self_describing_json.SelfDescribingJson object at 0x110795ae0>]}
[0m17:10:02.618587 [debug] [MainThread]: Flushing usage events
[0m17:10:02.890496 [debug] [MainThread]: An error was encountered while trying to flush usage events
[0m21:44:17.278654 [debug] [MainThread]: Sending event: {'category': 'dbt', 'action': 'invocation', 'label': 'start', 'context': [<snowplow_tracker.self_describing_json.SelfDescribingJson object at 0x107d31940>, <snowplow_tracker.self_describing_json.SelfDescribingJson object at 0x108ea7890>, <snowplow_tracker.self_describing_json.SelfDescribingJson object at 0x108ea7b10>]}


============================== 21:44:17.280691 | 96ddc3a8-465a-41be-90b6-495b09eccab2 ==============================
[0m21:44:17.280691 [info ] [MainThread]: Running with dbt=1.11.2
[0m21:44:17.280996 [debug] [MainThread]: running dbt with arguments {'use_experimental_parser': 'False', 'warn_error_options': 'WarnErrorOptionsV2(error=[], warn=[], silence=[])', 'log_cache_events': 'False', 'warn_error': 'None', 'quiet': 'False', 'version_check': 'True', 'empty': 'False', 'fail_fast': 'False', 'profiles_dir': '/Users/calebkoppel/.dbt', 'log_path': 'logs', 'target_path': 'None', 'write_json': 'True', 'printer_width': '80', 'partial_parse': 'True', 'invocation_command': 'dbt run', 'use_colors': 'True', 'cache_selected_only': 'False', 'debug': 'False', 'no_print': 'None', 'introspect': 'True', 'send_anonymous_usage_stats': 'True', 'log_format': 'default', 'static_parser': 'True', 'indirect_selection': 'eager'}
[0m21:44:17.281238 [error] [MainThread]: Encountered an error:
Runtime Error
  No dbt_project.yml found at expected path /Users/calebkoppel/Documents/VSC/SaasProject/saas-metrics-platform/dbt_project.yml
  Verify that each entry within packages.yml (and their transitive dependencies) contains a file named dbt_project.yml
  
[0m21:44:17.282186 [debug] [MainThread]: Resource report: {"command_name": "run", "command_success": false, "command_wall_clock_time": 0.03167675, "process_in_blocks": "0", "process_kernel_time": 0.107076, "process_mem_max_rss": "110493696", "process_out_blocks": "0", "process_user_time": 0.546405}
[0m21:44:17.282638 [debug] [MainThread]: Command `dbt run` failed at 21:44:17.282596 after 0.03 seconds
[0m21:44:17.282775 [debug] [MainThread]: Sending event: {'category': 'dbt', 'action': 'invocation', 'label': 'end', 'context': [<snowplow_tracker.self_describing_json.SelfDescribingJson object at 0x108eb9f30>, <snowplow_tracker.self_describing_json.SelfDescribingJson object at 0x108ed2330>, <snowplow_tracker.self_describing_json.SelfDescribingJson object at 0x108d36250>]}
[0m21:44:17.282901 [debug] [MainThread]: Flushing usage events
[0m21:44:17.367111 [debug] [MainThread]: An error was encountered while trying to flush usage events
[0m21:44:25.413596 [debug] [MainThread]: Sending event: {'category': 'dbt', 'action': 'invocation', 'label': 'start', 'context': [<snowplow_tracker.self_describing_json.SelfDescribingJson object at 0x10743d940>, <snowplow_tracker.self_describing_json.SelfDescribingJson object at 0x108be3890>, <snowplow_tracker.self_describing_json.SelfDescribingJson object at 0x108be3b10>]}


============================== 21:44:25.415486 | 404bc6ea-f7e7-49bf-8bc2-f115ba68cb69 ==============================
[0m21:44:25.415486 [info ] [MainThread]: Running with dbt=1.11.2
[0m21:44:25.415758 [debug] [MainThread]: running dbt with arguments {'fail_fast': 'False', 'write_json': 'True', 'use_experimental_parser': 'False', 'empty': 'False', 'cache_selected_only': 'False', 'no_print': 'None', 'profiles_dir': '/Users/calebkoppel/.dbt', 'printer_width': '80', 'static_parser': 'True', 'indirect_selection': 'eager', 'quiet': 'False', 'introspect': 'True', 'target_path': 'None', 'use_colors': 'True', 'partial_parse': 'True', 'version_check': 'True', 'warn_error_options': 'WarnErrorOptionsV2(error=[], warn=[], silence=[])', 'debug': 'False', 'log_path': 'logs', 'invocation_command': 'dbt run', 'log_format': 'default', 'log_cache_events': 'False', 'send_anonymous_usage_stats': 'True', 'warn_error': 'None'}
[0m21:44:25.415986 [error] [MainThread]: Encountered an error:
Runtime Error
  No dbt_project.yml found at expected path /Users/calebkoppel/Documents/VSC/SaasProject/saas-metrics-platform/dbt_project.yml
  Verify that each entry within packages.yml (and their transitive dependencies) contains a file named dbt_project.yml
  
[0m21:44:25.416781 [debug] [MainThread]: Resource report: {"command_name": "run", "command_success": false, "command_wall_clock_time": 0.031121083, "process_in_blocks": "0", "process_kernel_time": 0.105731, "process_mem_max_rss": "110559232", "process_out_blocks": "0", "process_user_time": 0.529901}
[0m21:44:25.417242 [debug] [MainThread]: Command `dbt run` failed at 21:44:25.417197 after 0.03 seconds
[0m21:44:25.417391 [debug] [MainThread]: Sending event: {'category': 'dbt', 'action': 'invocation', 'label': 'end', 'context': [<snowplow_tracker.self_describing_json.SelfDescribingJson object at 0x108bf5f30>, <snowplow_tracker.self_describing_json.SelfDescribingJson object at 0x108c0e330>, <snowplow_tracker.self_describing_json.SelfDescribingJson object at 0x108972250>]}
[0m21:44:25.417531 [debug] [MainThread]: Flushing usage events
[0m21:44:25.501159 [debug] [MainThread]: An error was encountered while trying to flush usage events
